2023/12/15 14:20:06 [notice] 1#1: using the "epoll" event method
2023/12/15 14:20:06 [notice] 1#1: nginx/1.25.3
2023/12/15 14:20:06 [notice] 1#1: built by gcc 12.2.1 20220924 (Alpine 12.2.1_git20220924-r10) 
2023/12/15 14:20:06 [notice] 1#1: OS: Linux 5.15.133.1-microsoft-standard-WSL2
2023/12/15 14:20:06 [notice] 1#1: getrlimit(RLIMIT_NOFILE): 1048576:1048576
2023/12/15 14:20:06 [notice] 1#1: start worker processes
2023/12/15 14:20:06 [notice] 1#1: start worker process 29
2023/12/15 14:20:06 [notice] 1#1: start worker process 30
2023/12/15 14:20:06 [notice] 1#1: start worker process 31
2023/12/15 14:20:06 [notice] 1#1: start worker process 32
2023/12/15 14:20:16 [error] 30#30: *3 open() "/var/www/html/favicon.ico" failed (2: No such file or directory), client: 172.22.0.1, server: , request: "GET /favicon.ico HTTP/1.1", host: "localhost:8080", referrer: "http://localhost:8080/"
2023/12/15 14:21:33 [error] 29#29: *7 open() "/var/www/html/favicon.ico" failed (2: No such file or directory), client: 172.22.0.1, server: , request: "GET /favicon.ico HTTP/1.1", host: "localhost:8080", referrer: "http://localhost:8080/"
2023/12/15 15:07:30 [notice] 1#1: signal 3 (SIGQUIT) received, shutting down
2023/12/15 15:07:30 [notice] 29#29: gracefully shutting down
2023/12/15 15:07:30 [notice] 29#29: exiting
2023/12/15 15:07:30 [notice] 30#30: gracefully shutting down
2023/12/15 15:07:30 [notice] 31#31: gracefully shutting down
2023/12/15 15:07:30 [notice] 32#32: gracefully shutting down
2023/12/15 15:07:30 [notice] 29#29: exit
2023/12/15 15:07:30 [notice] 30#30: exiting
2023/12/15 15:07:30 [notice] 31#31: exiting
2023/12/15 15:07:30 [notice] 32#32: exiting
2023/12/15 15:07:30 [notice] 30#30: exit
2023/12/15 15:07:30 [notice] 31#31: exit
2023/12/15 15:07:30 [notice] 32#32: exit
2023/12/15 15:07:30 [notice] 1#1: signal 17 (SIGCHLD) received from 30
2023/12/15 15:07:30 [notice] 1#1: worker process 29 exited with code 0
2023/12/15 15:07:30 [notice] 1#1: worker process 30 exited with code 0
2023/12/15 15:07:30 [notice] 1#1: worker process 31 exited with code 0
2023/12/15 15:07:30 [notice] 1#1: signal 29 (SIGIO) received
2023/12/15 15:07:30 [notice] 1#1: signal 17 (SIGCHLD) received from 31
2023/12/15 15:07:30 [notice] 1#1: signal 17 (SIGCHLD) received from 32
2023/12/15 15:07:30 [notice] 1#1: worker process 32 exited with code 0
2023/12/15 15:07:30 [notice] 1#1: exit
2023/12/15 15:09:49 [notice] 1#1: using the "epoll" event method
2023/12/15 15:09:49 [notice] 1#1: nginx/1.25.3
2023/12/15 15:09:49 [notice] 1#1: built by gcc 12.2.1 20220924 (Alpine 12.2.1_git20220924-r10) 
2023/12/15 15:09:49 [notice] 1#1: OS: Linux 5.15.133.1-microsoft-standard-WSL2
2023/12/15 15:09:49 [notice] 1#1: getrlimit(RLIMIT_NOFILE): 1048576:1048576
2023/12/15 15:09:49 [notice] 1#1: start worker processes
2023/12/15 15:09:49 [notice] 1#1: start worker process 30
2023/12/15 15:09:49 [notice] 1#1: start worker process 31
2023/12/15 15:09:49 [notice] 1#1: start worker process 32
2023/12/15 15:09:49 [notice] 1#1: start worker process 33
2023/12/15 15:10:00 [error] 30#30: *1 open() "/var/www/html/favicon.ico" failed (2: No such file or directory), client: 172.22.0.1, server: , request: "GET /favicon.ico HTTP/1.1", host: "localhost:8080", referrer: "http://localhost:8080/"
2023/12/15 15:48:13 [notice] 1#1: using the "epoll" event method
2023/12/15 15:48:13 [notice] 1#1: nginx/1.25.3
2023/12/15 15:48:13 [notice] 1#1: built by gcc 12.2.1 20220924 (Alpine 12.2.1_git20220924-r10) 
2023/12/15 15:48:13 [notice] 1#1: OS: Linux 5.15.133.1-microsoft-standard-WSL2
2023/12/15 15:48:13 [notice] 1#1: getrlimit(RLIMIT_NOFILE): 1048576:1048576
2023/12/15 15:48:13 [notice] 1#1: start worker processes
2023/12/15 15:48:13 [notice] 1#1: start worker process 29
2023/12/15 15:48:13 [notice] 1#1: start worker process 30
2023/12/15 15:48:13 [notice] 1#1: start worker process 31
2023/12/15 15:48:13 [notice] 1#1: start worker process 32
2023/12/15 23:41:11 [notice] 1#1: signal 3 (SIGQUIT) received, shutting down
2023/12/15 23:41:11 [notice] 29#29: gracefully shutting down
2023/12/15 23:41:11 [notice] 29#29: exiting
2023/12/15 23:41:11 [notice] 30#30: gracefully shutting down
2023/12/15 23:41:11 [notice] 31#31: gracefully shutting down
2023/12/15 23:41:11 [notice] 32#32: gracefully shutting down
2023/12/15 23:41:11 [notice] 29#29: exit
2023/12/15 23:41:11 [notice] 30#30: exiting
2023/12/15 23:41:11 [notice] 31#31: exiting
2023/12/15 23:41:11 [notice] 32#32: exiting
2023/12/15 23:41:11 [notice] 32#32: exit
2023/12/15 23:41:11 [notice] 30#30: exit
2023/12/15 23:41:11 [notice] 31#31: exit
2023/12/15 23:41:12 [notice] 1#1: signal 17 (SIGCHLD) received from 29
2023/12/15 23:41:12 [notice] 1#1: worker process 29 exited with code 0
2023/12/15 23:41:12 [notice] 1#1: signal 29 (SIGIO) received
2023/12/15 23:41:12 [notice] 1#1: signal 17 (SIGCHLD) received from 30
2023/12/15 23:41:12 [notice] 1#1: worker process 30 exited with code 0
2023/12/15 23:41:12 [notice] 1#1: worker process 32 exited with code 0
2023/12/15 23:41:12 [notice] 1#1: signal 29 (SIGIO) received
2023/12/15 23:41:12 [notice] 1#1: signal 17 (SIGCHLD) received from 31
2023/12/15 23:41:12 [notice] 1#1: worker process 31 exited with code 0
2023/12/15 23:41:12 [notice] 1#1: exit
2023/12/18 17:12:23 [notice] 1#1: using the "epoll" event method
2023/12/18 17:12:23 [notice] 1#1: nginx/1.25.3
2023/12/18 17:12:23 [notice] 1#1: built by gcc 12.2.1 20220924 (Alpine 12.2.1_git20220924-r10) 
2023/12/18 17:12:23 [notice] 1#1: OS: Linux 5.15.133.1-microsoft-standard-WSL2
2023/12/18 17:12:23 [notice] 1#1: getrlimit(RLIMIT_NOFILE): 1048576:1048576
2023/12/18 17:12:23 [notice] 1#1: start worker processes
2023/12/18 17:12:23 [notice] 1#1: start worker process 29
2023/12/18 17:12:23 [notice] 1#1: start worker process 30
2023/12/18 17:12:23 [notice] 1#1: start worker process 31
2023/12/18 17:12:23 [notice] 1#1: start worker process 32
2023/12/18 17:42:47 [notice] 1#1: signal 3 (SIGQUIT) received, shutting down
2023/12/18 17:42:47 [notice] 30#30: gracefully shutting down
2023/12/18 17:42:47 [notice] 31#31: gracefully shutting down
2023/12/18 17:42:47 [notice] 30#30: exiting
2023/12/18 17:42:47 [notice] 29#29: gracefully shutting down
2023/12/18 17:42:47 [notice] 29#29: exiting
2023/12/18 17:42:47 [notice] 32#32: gracefully shutting down
2023/12/18 17:42:47 [notice] 31#31: exiting
2023/12/18 17:42:47 [notice] 31#31: exit
2023/12/18 17:42:47 [notice] 30#30: exit
2023/12/18 17:42:47 [notice] 29#29: exit
2023/12/18 17:42:47 [notice] 32#32: exiting
2023/12/18 17:42:47 [notice] 32#32: exit
2023/12/18 17:42:47 [notice] 1#1: signal 17 (SIGCHLD) received from 30
2023/12/18 17:42:47 [notice] 1#1: worker process 30 exited with code 0
2023/12/18 17:42:47 [notice] 1#1: worker process 32 exited with code 0
2023/12/18 17:42:47 [notice] 1#1: worker process 29 exited with code 0
2023/12/18 17:42:47 [notice] 1#1: worker process 31 exited with code 0
2023/12/18 17:42:47 [notice] 1#1: exit
2023/12/18 17:42:54 [notice] 1#1: using the "epoll" event method
2023/12/18 17:42:54 [notice] 1#1: nginx/1.25.3
2023/12/18 17:42:54 [notice] 1#1: built by gcc 12.2.1 20220924 (Alpine 12.2.1_git20220924-r10) 
2023/12/18 17:42:54 [notice] 1#1: OS: Linux 5.15.133.1-microsoft-standard-WSL2
2023/12/18 17:42:54 [notice] 1#1: getrlimit(RLIMIT_NOFILE): 1048576:1048576
2023/12/18 17:42:54 [notice] 1#1: start worker processes
2023/12/18 17:42:54 [notice] 1#1: start worker process 29
2023/12/18 17:42:54 [notice] 1#1: start worker process 30
2023/12/18 17:42:54 [notice] 1#1: start worker process 31
2023/12/18 17:42:54 [notice] 1#1: start worker process 32
2023/12/18 18:10:52 [notice] 1#1: signal 3 (SIGQUIT) received, shutting down
2023/12/18 18:10:52 [notice] 30#30: gracefully shutting down
2023/12/18 18:10:52 [notice] 29#29: gracefully shutting down
2023/12/18 18:10:52 [notice] 29#29: exiting
2023/12/18 18:10:52 [notice] 31#31: gracefully shutting down
2023/12/18 18:10:52 [notice] 31#31: exiting
2023/12/18 18:10:52 [notice] 30#30: exiting
2023/12/18 18:10:52 [notice] 30#30: exit
2023/12/18 18:10:52 [notice] 32#32: gracefully shutting down
2023/12/18 18:10:52 [notice] 29#29: exit
2023/12/18 18:10:52 [notice] 31#31: exit
2023/12/18 18:10:52 [notice] 32#32: exiting
2023/12/18 18:10:52 [notice] 32#32: exit
2023/12/18 18:10:52 [notice] 1#1: signal 17 (SIGCHLD) received from 31
2023/12/18 18:10:52 [notice] 1#1: worker process 30 exited with code 0
2023/12/18 18:10:52 [notice] 1#1: worker process 29 exited with code 0
2023/12/18 18:10:52 [notice] 1#1: worker process 31 exited with code 0
2023/12/18 18:10:52 [notice] 1#1: worker process 32 exited with code 0
2023/12/18 18:10:52 [notice] 1#1: exit
2023/12/18 18:11:03 [notice] 1#1: using the "epoll" event method
2023/12/18 18:11:03 [notice] 1#1: nginx/1.25.3
2023/12/18 18:11:03 [notice] 1#1: built by gcc 12.2.1 20220924 (Alpine 12.2.1_git20220924-r10) 
2023/12/18 18:11:03 [notice] 1#1: OS: Linux 5.15.133.1-microsoft-standard-WSL2
2023/12/18 18:11:03 [notice] 1#1: getrlimit(RLIMIT_NOFILE): 1048576:1048576
2023/12/18 18:11:03 [notice] 1#1: start worker processes
2023/12/18 18:11:03 [notice] 1#1: start worker process 29
2023/12/18 18:11:03 [notice] 1#1: start worker process 30
2023/12/18 18:11:03 [notice] 1#1: start worker process 31
2023/12/18 18:11:03 [notice] 1#1: start worker process 32
2023/12/18 18:11:18 [notice] 1#1: signal 3 (SIGQUIT) received, shutting down
2023/12/18 18:11:18 [notice] 30#30: gracefully shutting down
2023/12/18 18:11:18 [notice] 31#31: gracefully shutting down
2023/12/18 18:11:18 [notice] 31#31: exiting
2023/12/18 18:11:18 [notice] 29#29: gracefully shutting down
2023/12/18 18:11:18 [notice] 31#31: exit
2023/12/18 18:11:18 [notice] 32#32: gracefully shutting down
2023/12/18 18:11:18 [notice] 30#30: exiting
2023/12/18 18:11:18 [notice] 29#29: exiting
2023/12/18 18:11:18 [notice] 32#32: exiting
2023/12/18 18:11:18 [notice] 30#30: exit
2023/12/18 18:11:18 [notice] 29#29: exit
2023/12/18 18:11:18 [notice] 32#32: exit
2023/12/18 18:11:18 [notice] 1#1: signal 17 (SIGCHLD) received from 30
2023/12/18 18:11:18 [notice] 1#1: worker process 30 exited with code 0
2023/12/18 18:11:18 [notice] 1#1: worker process 31 exited with code 0
2023/12/18 18:11:18 [notice] 1#1: signal 29 (SIGIO) received
2023/12/18 18:11:18 [notice] 1#1: signal 17 (SIGCHLD) received from 32
2023/12/18 18:11:18 [notice] 1#1: worker process 29 exited with code 0
2023/12/18 18:11:18 [notice] 1#1: worker process 32 exited with code 0
2023/12/18 18:11:18 [notice] 1#1: exit
2023/12/18 18:11:24 [notice] 1#1: using the "epoll" event method
2023/12/18 18:11:24 [notice] 1#1: nginx/1.25.3
2023/12/18 18:11:24 [notice] 1#1: built by gcc 12.2.1 20220924 (Alpine 12.2.1_git20220924-r10) 
2023/12/18 18:11:24 [notice] 1#1: OS: Linux 5.15.133.1-microsoft-standard-WSL2
2023/12/18 18:11:24 [notice] 1#1: getrlimit(RLIMIT_NOFILE): 1048576:1048576
2023/12/18 18:11:24 [notice] 1#1: start worker processes
2023/12/18 18:11:24 [notice] 1#1: start worker process 29
2023/12/18 18:11:24 [notice] 1#1: start worker process 30
2023/12/18 18:11:24 [notice] 1#1: start worker process 31
2023/12/18 18:11:24 [notice] 1#1: start worker process 32
2023/12/18 18:22:41 [error] 29#29: *1 directory index of "/var/www/html/" is forbidden, client: 172.23.0.1, server: , request: "GET / HTTP/1.1", host: "localhost:8080"
2023/12/18 18:22:41 [error] 29#29: *1 open() "/var/www/html/favicon.ico" failed (2: No such file or directory), client: 172.23.0.1, server: , request: "GET /favicon.ico HTTP/1.1", host: "localhost:8080", referrer: "http://localhost:8080/"
2023/12/18 18:24:49 [error] 30#30: *3 open() "/var/www/html/favicon.ico" failed (2: No such file or directory), client: 172.23.0.1, server: , request: "GET /favicon.ico HTTP/1.1", host: "localhost:8080", referrer: "http://localhost:8080/public/"
2023/12/18 18:27:09 [notice] 1#1: signal 3 (SIGQUIT) received, shutting down
2023/12/18 18:27:09 [notice] 29#29: gracefully shutting down
2023/12/18 18:27:09 [notice] 31#31: gracefully shutting down
2023/12/18 18:27:09 [notice] 31#31: exiting
2023/12/18 18:27:09 [notice] 30#30: gracefully shutting down
2023/12/18 18:27:09 [notice] 32#32: gracefully shutting down
2023/12/18 18:27:09 [notice] 29#29: exiting
2023/12/18 18:27:09 [notice] 31#31: exit
2023/12/18 18:27:09 [notice] 30#30: exiting
2023/12/18 18:27:09 [notice] 32#32: exiting
2023/12/18 18:27:09 [notice] 29#29: exit
2023/12/18 18:27:09 [notice] 32#32: exit
2023/12/18 18:27:09 [notice] 30#30: exit
2023/12/18 18:27:10 [notice] 1#1: signal 17 (SIGCHLD) received from 31
2023/12/18 18:27:10 [notice] 1#1: worker process 31 exited with code 0
2023/12/18 18:27:10 [notice] 1#1: signal 29 (SIGIO) received
2023/12/18 18:27:10 [notice] 1#1: signal 17 (SIGCHLD) received from 32
2023/12/18 18:27:10 [notice] 1#1: worker process 29 exited with code 0
2023/12/18 18:27:10 [notice] 1#1: worker process 30 exited with code 0
2023/12/18 18:27:10 [notice] 1#1: worker process 32 exited with code 0
2023/12/18 18:27:10 [notice] 1#1: exit
2023/12/19 17:19:39 [notice] 1#1: using the "epoll" event method
2023/12/19 17:19:39 [notice] 1#1: nginx/1.25.3
2023/12/19 17:19:39 [notice] 1#1: built by gcc 12.2.1 20220924 (Alpine 12.2.1_git20220924-r10) 
2023/12/19 17:19:39 [notice] 1#1: OS: Linux 5.15.133.1-microsoft-standard-WSL2
2023/12/19 17:19:39 [notice] 1#1: getrlimit(RLIMIT_NOFILE): 1048576:1048576
2023/12/19 17:19:39 [notice] 1#1: start worker processes
2023/12/19 17:19:39 [notice] 1#1: start worker process 29
2023/12/19 17:19:39 [notice] 1#1: start worker process 30
2023/12/19 17:19:39 [notice] 1#1: start worker process 31
2023/12/19 17:19:39 [notice] 1#1: start worker process 32
2023/12/19 17:20:15 [error] 29#29: *1 directory index of "/var/www/html/" is forbidden, client: 172.23.0.1, server: , request: "GET / HTTP/1.1", host: "localhost:8080"
2023/12/19 17:20:16 [error] 29#29: *1 open() "/var/www/html/favicon.ico" failed (2: No such file or directory), client: 172.23.0.1, server: , request: "GET /favicon.ico HTTP/1.1", host: "localhost:8080", referrer: "http://localhost:8080/"
2023/12/19 17:20:52 [error] 30#30: *2 open() "/var/www/html/favicon.ico" failed (2: No such file or directory), client: 172.23.0.1, server: , request: "GET /favicon.ico HTTP/1.1", host: "localhost:8080", referrer: "http://localhost:8080/public/"
2023/12/19 17:26:10 [error] 32#32: *6 open() "/var/www/html/favicon.ico" failed (2: No such file or directory), client: 172.23.0.1, server: , request: "GET /favicon.ico HTTP/1.1", host: "localhost:8080", referrer: "http://localhost:8080/public/"
2023/12/19 17:27:40 [error] 29#29: *9 open() "/var/www/html/favicon.ico" failed (2: No such file or directory), client: 172.23.0.1, server: , request: "GET /favicon.ico HTTP/1.1", host: "localhost:8080", referrer: "http://localhost:8080/public/"
2023/12/19 17:32:30 [error] 29#29: *14 open() "/var/www/html/favicon.ico" failed (2: No such file or directory), client: 172.23.0.1, server: , request: "GET /favicon.ico HTTP/1.1", host: "localhost:8080", referrer: "http://localhost:8080/public/"
2023/12/19 17:32:49 [error] 29#29: *18 open() "/var/www/html/favicon.ico" failed (2: No such file or directory), client: 172.23.0.1, server: , request: "GET /favicon.ico HTTP/1.1", host: "localhost:8080", referrer: "http://localhost:8080/public/"
2023/12/19 17:53:26 [error] 29#29: *25 open() "/var/www/html/favicon.ico" failed (2: No such file or directory), client: 172.23.0.1, server: , request: "GET /favicon.ico HTTP/1.1", host: "localhost:8080", referrer: "http://localhost:8080/webshop-app/public/"
2023/12/19 17:54:32 [error] 29#29: *27 open() "/var/www/html/favicon.ico" failed (2: No such file or directory), client: 172.23.0.1, server: , request: "GET /favicon.ico HTTP/1.1", host: "localhost:8080", referrer: "http://localhost:8080/webshop-app/public/"
2023/12/19 17:55:47 [error] 29#29: *27 open() "/var/www/html/favicon.ico" failed (2: No such file or directory), client: 172.23.0.1, server: , request: "GET /favicon.ico HTTP/1.1", host: "localhost:8080", referrer: "http://localhost:8080/webshop-app/public/"
2023/12/19 17:59:10 [notice] 1#1: signal 3 (SIGQUIT) received, shutting down
2023/12/19 17:59:10 [notice] 29#29: gracefully shutting down
2023/12/19 17:59:10 [notice] 30#30: gracefully shutting down
2023/12/19 17:59:10 [notice] 31#31: gracefully shutting down
2023/12/19 17:59:10 [notice] 30#30: exiting
2023/12/19 17:59:10 [notice] 29#29: exiting
2023/12/19 17:59:10 [notice] 29#29: exit
2023/12/19 17:59:10 [notice] 32#32: gracefully shutting down
2023/12/19 17:59:10 [notice] 31#31: exiting
2023/12/19 17:59:10 [notice] 30#30: exit
2023/12/19 17:59:10 [notice] 31#31: exit
2023/12/19 17:59:10 [notice] 32#32: exiting
2023/12/19 17:59:10 [notice] 32#32: exit
2023/12/19 17:59:10 [notice] 1#1: signal 17 (SIGCHLD) received from 32
2023/12/19 17:59:10 [notice] 1#1: worker process 31 exited with code 0
2023/12/19 17:59:10 [notice] 1#1: worker process 32 exited with code 0
2023/12/19 17:59:10 [notice] 1#1: signal 29 (SIGIO) received
2023/12/19 17:59:10 [notice] 1#1: signal 17 (SIGCHLD) received from 29
2023/12/19 17:59:10 [notice] 1#1: worker process 29 exited with code 0
2023/12/19 17:59:10 [notice] 1#1: signal 29 (SIGIO) received
2023/12/19 17:59:10 [notice] 1#1: signal 17 (SIGCHLD) received from 30
2023/12/19 17:59:10 [notice] 1#1: worker process 30 exited with code 0
2023/12/19 17:59:10 [notice] 1#1: exit
2023/12/22 09:38:09 [notice] 1#1: using the "epoll" event method
2023/12/22 09:38:09 [notice] 1#1: nginx/1.25.3
2023/12/22 09:38:09 [notice] 1#1: built by gcc 12.2.1 20220924 (Alpine 12.2.1_git20220924-r10) 
2023/12/22 09:38:09 [notice] 1#1: OS: Linux 5.15.133.1-microsoft-standard-WSL2
2023/12/22 09:38:09 [notice] 1#1: getrlimit(RLIMIT_NOFILE): 1048576:1048576
2023/12/22 09:38:09 [notice] 1#1: start worker processes
2023/12/22 09:38:09 [notice] 1#1: start worker process 30
2023/12/22 09:38:09 [notice] 1#1: start worker process 31
2023/12/22 09:38:09 [notice] 1#1: start worker process 32
2023/12/22 09:38:09 [notice] 1#1: start worker process 33
2023/12/22 09:39:31 [error] 30#30: *1 directory index of "/var/www/html/" is forbidden, client: 172.23.0.1, server: , request: "GET / HTTP/1.1", host: "localhost:8080"
2023/12/22 09:39:32 [error] 30#30: *1 open() "/var/www/html/favicon.ico" failed (2: No such file or directory), client: 172.23.0.1, server: , request: "GET /favicon.ico HTTP/1.1", host: "localhost:8080", referrer: "http://localhost:8080/"
2023/12/22 09:40:52 [error] 30#30: *1 open() "/var/www/html/favicon.ico" failed (2: No such file or directory), client: 172.23.0.1, server: , request: "GET /favicon.ico HTTP/1.1", host: "localhost:8080", referrer: "http://localhost:8080/webshop-app/public/"
2023/12/22 09:45:26 [error] 30#30: *6 open() "/var/www/html/favicon.ico" failed (2: No such file or directory), client: 172.23.0.1, server: , request: "GET /favicon.ico HTTP/1.1", host: "localhost:8080", referrer: "http://localhost:8080/webshop-app/public/"
2023/12/22 09:45:41 [error] 30#30: *8 open() "/var/www/html/favicon.ico" failed (2: No such file or directory), client: 172.23.0.1, server: , request: "GET /favicon.ico HTTP/1.1", host: "localhost:8080", referrer: "http://localhost:8080/webshop-app/public/"
2023/12/22 09:56:08 [notice] 1#1: signal 3 (SIGQUIT) received, shutting down
2023/12/22 09:56:08 [notice] 31#31: gracefully shutting down
2023/12/22 09:56:08 [notice] 31#31: exiting
2023/12/22 09:56:08 [notice] 32#32: gracefully shutting down
2023/12/22 09:56:08 [notice] 32#32: exiting
2023/12/22 09:56:08 [notice] 33#33: gracefully shutting down
2023/12/22 09:56:08 [notice] 30#30: gracefully shutting down
2023/12/22 09:56:08 [notice] 31#31: exit
2023/12/22 09:56:08 [notice] 32#32: exit
2023/12/22 09:56:08 [notice] 33#33: exiting
2023/12/22 09:56:08 [notice] 30#30: exiting
2023/12/22 09:56:08 [notice] 33#33: exit
2023/12/22 09:56:08 [notice] 30#30: exit
2023/12/22 09:56:08 [notice] 1#1: signal 17 (SIGCHLD) received from 33
2023/12/22 09:56:08 [notice] 1#1: worker process 33 exited with code 0
2023/12/22 09:56:08 [notice] 1#1: signal 29 (SIGIO) received
2023/12/22 09:56:08 [notice] 1#1: signal 17 (SIGCHLD) received from 32
2023/12/22 09:56:08 [notice] 1#1: worker process 31 exited with code 0
2023/12/22 09:56:08 [notice] 1#1: worker process 32 exited with code 0
2023/12/22 09:56:08 [notice] 1#1: signal 29 (SIGIO) received
2023/12/22 09:56:08 [notice] 1#1: signal 17 (SIGCHLD) received from 30
2023/12/22 09:56:08 [notice] 1#1: worker process 30 exited with code 0
2023/12/22 09:56:08 [notice] 1#1: exit
2023/12/22 09:56:17 [notice] 1#1: using the "epoll" event method
2023/12/22 09:56:17 [notice] 1#1: nginx/1.25.3
2023/12/22 09:56:17 [notice] 1#1: built by gcc 12.2.1 20220924 (Alpine 12.2.1_git20220924-r10) 
2023/12/22 09:56:17 [notice] 1#1: OS: Linux 5.15.133.1-microsoft-standard-WSL2
2023/12/22 09:56:17 [notice] 1#1: getrlimit(RLIMIT_NOFILE): 1048576:1048576
2023/12/22 09:56:17 [notice] 1#1: start worker processes
2023/12/22 09:56:17 [notice] 1#1: start worker process 29
2023/12/22 09:56:17 [notice] 1#1: start worker process 30
2023/12/22 09:56:17 [notice] 1#1: start worker process 31
2023/12/22 09:56:17 [notice] 1#1: start worker process 32
2023/12/22 10:07:02 [notice] 1#1: signal 3 (SIGQUIT) received, shutting down
2023/12/22 10:07:02 [notice] 30#30: gracefully shutting down
2023/12/22 10:07:02 [notice] 30#30: exiting
2023/12/22 10:07:02 [notice] 29#29: gracefully shutting down
2023/12/22 10:07:02 [notice] 29#29: exiting
2023/12/22 10:07:02 [notice] 31#31: gracefully shutting down
2023/12/22 10:07:02 [notice] 32#32: gracefully shutting down
2023/12/22 10:07:02 [notice] 32#32: exiting
2023/12/22 10:07:02 [notice] 32#32: exit
2023/12/22 10:07:02 [notice] 30#30: exit
2023/12/22 10:07:02 [notice] 29#29: exit
2023/12/22 10:07:02 [notice] 31#31: exiting
2023/12/22 10:07:02 [notice] 31#31: exit
2023/12/22 10:07:03 [notice] 1#1: signal 17 (SIGCHLD) received from 30
2023/12/22 10:07:03 [notice] 1#1: worker process 30 exited with code 0
2023/12/22 10:07:03 [notice] 1#1: signal 29 (SIGIO) received
2023/12/22 10:07:03 [notice] 1#1: signal 17 (SIGCHLD) received from 31
2023/12/22 10:07:03 [notice] 1#1: worker process 31 exited with code 0
2023/12/22 10:07:03 [notice] 1#1: signal 29 (SIGIO) received
2023/12/22 10:07:03 [notice] 1#1: signal 17 (SIGCHLD) received from 32
2023/12/22 10:07:03 [notice] 1#1: worker process 29 exited with code 0
2023/12/22 10:07:03 [notice] 1#1: worker process 32 exited with code 0
2023/12/22 10:07:03 [notice] 1#1: exit
2023/12/22 10:07:09 [notice] 1#1: using the "epoll" event method
2023/12/22 10:07:09 [notice] 1#1: nginx/1.25.3
2023/12/22 10:07:09 [notice] 1#1: built by gcc 12.2.1 20220924 (Alpine 12.2.1_git20220924-r10) 
2023/12/22 10:07:09 [notice] 1#1: OS: Linux 5.15.133.1-microsoft-standard-WSL2
2023/12/22 10:07:09 [notice] 1#1: getrlimit(RLIMIT_NOFILE): 1048576:1048576
2023/12/22 10:07:09 [notice] 1#1: start worker processes
2023/12/22 10:07:09 [notice] 1#1: start worker process 29
2023/12/22 10:07:09 [notice] 1#1: start worker process 30
2023/12/22 10:07:09 [notice] 1#1: start worker process 31
2023/12/22 10:07:09 [notice] 1#1: start worker process 32
2023/12/22 10:13:09 [notice] 1#1: signal 3 (SIGQUIT) received, shutting down
2023/12/22 10:13:09 [notice] 29#29: gracefully shutting down
2023/12/22 10:13:09 [notice] 30#30: gracefully shutting down
2023/12/22 10:13:09 [notice] 32#32: gracefully shutting down
2023/12/22 10:13:09 [notice] 31#31: gracefully shutting down
2023/12/22 10:13:09 [notice] 29#29: exiting
2023/12/22 10:13:09 [notice] 30#30: exiting
2023/12/22 10:13:09 [notice] 32#32: exiting
2023/12/22 10:13:09 [notice] 31#31: exiting
2023/12/22 10:13:09 [notice] 29#29: exit
2023/12/22 10:13:09 [notice] 30#30: exit
2023/12/22 10:13:09 [notice] 32#32: exit
2023/12/22 10:13:09 [notice] 31#31: exit
2023/12/22 10:13:09 [notice] 1#1: signal 17 (SIGCHLD) received from 32
2023/12/22 10:13:09 [notice] 1#1: worker process 29 exited with code 0
2023/12/22 10:13:09 [notice] 1#1: worker process 30 exited with code 0
2023/12/22 10:13:09 [notice] 1#1: worker process 31 exited with code 0
2023/12/22 10:13:09 [notice] 1#1: worker process 32 exited with code 0
2023/12/22 10:13:09 [notice] 1#1: exit
2023/12/22 10:13:15 [notice] 1#1: using the "epoll" event method
2023/12/22 10:13:15 [notice] 1#1: nginx/1.25.3
2023/12/22 10:13:15 [notice] 1#1: built by gcc 12.2.1 20220924 (Alpine 12.2.1_git20220924-r10) 
2023/12/22 10:13:15 [notice] 1#1: OS: Linux 5.15.133.1-microsoft-standard-WSL2
2023/12/22 10:13:15 [notice] 1#1: getrlimit(RLIMIT_NOFILE): 1048576:1048576
2023/12/22 10:13:15 [notice] 1#1: start worker processes
2023/12/22 10:13:15 [notice] 1#1: start worker process 29
2023/12/22 10:13:15 [notice] 1#1: start worker process 30
2023/12/22 10:13:15 [notice] 1#1: start worker process 31
2023/12/22 10:13:15 [notice] 1#1: start worker process 32
2023/12/22 10:15:49 [notice] 1#1: signal 3 (SIGQUIT) received, shutting down
2023/12/22 10:15:49 [notice] 31#31: gracefully shutting down
2023/12/22 10:15:49 [notice] 29#29: gracefully shutting down
2023/12/22 10:15:49 [notice] 32#32: gracefully shutting down
2023/12/22 10:15:49 [notice] 30#30: gracefully shutting down
2023/12/22 10:15:49 [notice] 31#31: exiting
2023/12/22 10:15:49 [notice] 29#29: exiting
2023/12/22 10:15:49 [notice] 32#32: exiting
2023/12/22 10:15:49 [notice] 30#30: exiting
2023/12/22 10:15:49 [notice] 31#31: exit
2023/12/22 10:15:49 [notice] 29#29: exit
2023/12/22 10:15:49 [notice] 32#32: exit
2023/12/22 10:15:49 [notice] 30#30: exit
2023/12/22 10:15:49 [notice] 1#1: signal 17 (SIGCHLD) received from 32
2023/12/22 10:15:49 [notice] 1#1: worker process 29 exited with code 0
2023/12/22 10:15:49 [notice] 1#1: worker process 30 exited with code 0
2023/12/22 10:15:49 [notice] 1#1: worker process 31 exited with code 0
2023/12/22 10:15:49 [notice] 1#1: worker process 32 exited with code 0
2023/12/22 10:15:49 [notice] 1#1: exit
2023/12/22 10:17:14 [notice] 1#1: using the "epoll" event method
2023/12/22 10:17:14 [notice] 1#1: nginx/1.25.3
2023/12/22 10:17:14 [notice] 1#1: built by gcc 12.2.1 20220924 (Alpine 12.2.1_git20220924-r10) 
2023/12/22 10:17:14 [notice] 1#1: OS: Linux 5.15.133.1-microsoft-standard-WSL2
2023/12/22 10:17:14 [notice] 1#1: getrlimit(RLIMIT_NOFILE): 1048576:1048576
2023/12/22 10:17:14 [notice] 1#1: start worker processes
2023/12/22 10:17:14 [notice] 1#1: start worker process 29
2023/12/22 10:17:14 [notice] 1#1: start worker process 30
2023/12/22 10:17:14 [notice] 1#1: start worker process 31
2023/12/22 10:17:14 [notice] 1#1: start worker process 32
2023/12/22 13:07:47 [error] 29#29: *9 upstream timed out (110: Operation timed out) while reading response header from upstream, client: 172.22.0.1, server: , request: "GET / HTTP/1.1", upstream: "fastcgi://172.22.0.2:9000", host: "localhost:8080"
2023/12/22 13:07:59 [error] 29#29: *13 open() "/var/www/html/public/auth/login" failed (2: No such file or directory), client: 172.22.0.1, server: , request: "GET /auth/login HTTP/1.1", host: "localhost:8080"
2023/12/22 13:08:41 [error] 29#29: *13 open() "/var/www/html/public/auth/login" failed (2: No such file or directory), client: 172.22.0.1, server: , request: "GET /auth/login HTTP/1.1", host: "localhost:8080"
2023/12/22 13:09:45 [error] 29#29: *14 upstream timed out (110: Operation timed out) while reading response header from upstream, client: 172.22.0.1, server: , request: "GET / HTTP/1.1", upstream: "fastcgi://172.22.0.2:9000", host: "localhost:8080"
2023/12/22 13:16:54 [notice] 1#1: signal 3 (SIGQUIT) received, shutting down
2023/12/22 13:16:54 [notice] 29#29: gracefully shutting down
2023/12/22 13:16:54 [notice] 30#30: gracefully shutting down
2023/12/22 13:16:54 [notice] 32#32: gracefully shutting down
2023/12/22 13:16:54 [notice] 32#32: exiting
2023/12/22 13:16:54 [notice] 31#31: gracefully shutting down
2023/12/22 13:16:54 [notice] 30#30: exiting
2023/12/22 13:16:54 [notice] 32#32: exit
2023/12/22 13:16:54 [notice] 31#31: exiting
2023/12/22 13:16:54 [notice] 30#30: exit
2023/12/22 13:16:54 [notice] 31#31: exit
2023/12/22 13:16:54 [notice] 1#1: signal 17 (SIGCHLD) received from 30
2023/12/22 13:16:54 [notice] 1#1: worker process 30 exited with code 0
2023/12/22 13:16:54 [notice] 1#1: worker process 31 exited with code 0
2023/12/22 13:16:54 [notice] 1#1: signal 29 (SIGIO) received
2023/12/22 13:16:54 [notice] 1#1: signal 17 (SIGCHLD) received from 32
2023/12/22 13:16:54 [notice] 1#1: worker process 32 exited with code 0
2023/12/22 13:16:54 [notice] 1#1: signal 29 (SIGIO) received
2023/12/22 13:16:58 [error] 29#29: *18 upstream timed out (110: Operation timed out) while reading response header from upstream, client: 172.22.0.1, server: , request: "GET / HTTP/1.1", upstream: "fastcgi://172.22.0.2:9000", host: "localhost:8080"
2023/12/22 13:16:58 [notice] 29#29: exiting
2023/12/22 13:16:58 [notice] 29#29: exit
2023/12/22 13:16:59 [notice] 1#1: signal 17 (SIGCHLD) received from 29
2023/12/22 13:16:59 [notice] 1#1: worker process 29 exited with code 0
2023/12/22 13:16:59 [notice] 1#1: exit
2023/12/22 13:17:01 [notice] 1#1: using the "epoll" event method
2023/12/22 13:17:01 [notice] 1#1: nginx/1.25.3
2023/12/22 13:17:01 [notice] 1#1: built by gcc 12.2.1 20220924 (Alpine 12.2.1_git20220924-r10) 
2023/12/22 13:17:01 [notice] 1#1: OS: Linux 5.15.133.1-microsoft-standard-WSL2
2023/12/22 13:17:01 [notice] 1#1: getrlimit(RLIMIT_NOFILE): 1048576:1048576
2023/12/22 13:17:01 [notice] 1#1: start worker processes
2023/12/22 13:17:01 [notice] 1#1: start worker process 29
2023/12/22 13:17:01 [notice] 1#1: start worker process 30
2023/12/22 13:17:01 [notice] 1#1: start worker process 31
2023/12/22 13:17:01 [notice] 1#1: start worker process 32
2023/12/22 13:18:09 [error] 29#29: *1 upstream timed out (110: Operation timed out) while reading response header from upstream, client: 172.22.0.1, server: , request: "GET / HTTP/1.1", upstream: "fastcgi://172.22.0.2:9000", host: "localhost:8080"
2023/12/22 13:21:54 [notice] 1#1: signal 3 (SIGQUIT) received, shutting down
2023/12/22 13:21:54 [notice] 30#30: gracefully shutting down
2023/12/22 13:21:54 [notice] 32#32: gracefully shutting down
2023/12/22 13:21:54 [notice] 32#32: exiting
2023/12/22 13:21:54 [notice] 31#31: gracefully shutting down
2023/12/22 13:21:54 [notice] 32#32: exit
2023/12/22 13:21:54 [notice] 29#29: gracefully shutting down
2023/12/22 13:21:54 [notice] 29#29: exiting
2023/12/22 13:21:54 [notice] 30#30: exiting
2023/12/22 13:21:54 [notice] 31#31: exiting
2023/12/22 13:21:54 [notice] 29#29: exit
2023/12/22 13:21:54 [notice] 30#30: exit
2023/12/22 13:21:54 [notice] 31#31: exit
2023/12/22 13:21:54 [notice] 1#1: signal 17 (SIGCHLD) received from 29
2023/12/22 13:21:54 [notice] 1#1: worker process 29 exited with code 0
2023/12/22 13:21:54 [notice] 1#1: signal 29 (SIGIO) received
2023/12/22 13:21:54 [notice] 1#1: signal 17 (SIGCHLD) received from 32
2023/12/22 13:21:54 [notice] 1#1: worker process 32 exited with code 0
2023/12/22 13:21:54 [notice] 1#1: signal 29 (SIGIO) received
2023/12/22 13:21:54 [notice] 1#1: signal 17 (SIGCHLD) received from 31
2023/12/22 13:21:54 [notice] 1#1: worker process 31 exited with code 0
2023/12/22 13:21:54 [notice] 1#1: signal 29 (SIGIO) received
2023/12/22 13:21:54 [notice] 1#1: signal 17 (SIGCHLD) received from 30
2023/12/22 13:21:54 [notice] 1#1: worker process 30 exited with code 0
2023/12/22 13:21:54 [notice] 1#1: exit
2023/12/22 13:22:03 [notice] 1#1: using the "epoll" event method
2023/12/22 13:22:03 [notice] 1#1: nginx/1.25.3
2023/12/22 13:22:03 [notice] 1#1: built by gcc 12.2.1 20220924 (Alpine 12.2.1_git20220924-r10) 
2023/12/22 13:22:03 [notice] 1#1: OS: Linux 5.15.133.1-microsoft-standard-WSL2
2023/12/22 13:22:03 [notice] 1#1: getrlimit(RLIMIT_NOFILE): 1048576:1048576
2023/12/22 13:22:03 [notice] 1#1: start worker processes
2023/12/22 13:22:03 [notice] 1#1: start worker process 29
2023/12/22 13:22:03 [notice] 1#1: start worker process 30
2023/12/22 13:22:03 [notice] 1#1: start worker process 31
2023/12/22 13:22:03 [notice] 1#1: start worker process 32
2023/12/22 13:23:13 [error] 29#29: *1 upstream timed out (110: Operation timed out) while reading response header from upstream, client: 172.22.0.1, server: , request: "GET / HTTP/1.1", upstream: "fastcgi://172.22.0.2:9000", host: "localhost:8080"
2023/12/22 13:25:38 [notice] 1#1: signal 3 (SIGQUIT) received, shutting down
2023/12/22 13:25:38 [notice] 30#30: gracefully shutting down
2023/12/22 13:25:38 [notice] 30#30: exiting
2023/12/22 13:25:38 [notice] 30#30: exit
2023/12/22 13:25:38 [notice] 29#29: gracefully shutting down
2023/12/22 13:25:38 [notice] 31#31: gracefully shutting down
2023/12/22 13:25:38 [notice] 32#32: gracefully shutting down
2023/12/22 13:25:38 [notice] 29#29: exiting
2023/12/22 13:25:38 [notice] 31#31: exiting
2023/12/22 13:25:38 [notice] 32#32: exiting
2023/12/22 13:25:38 [notice] 29#29: exit
2023/12/22 13:25:38 [notice] 31#31: exit
2023/12/22 13:25:38 [notice] 32#32: exit
2023/12/22 13:25:39 [notice] 1#1: signal 17 (SIGCHLD) received from 30
2023/12/22 13:25:39 [notice] 1#1: worker process 30 exited with code 0
2023/12/22 13:25:39 [notice] 1#1: signal 29 (SIGIO) received
2023/12/22 13:25:39 [notice] 1#1: signal 17 (SIGCHLD) received from 31
2023/12/22 13:25:39 [notice] 1#1: worker process 31 exited with code 0
2023/12/22 13:25:39 [notice] 1#1: signal 29 (SIGIO) received
2023/12/22 13:25:39 [notice] 1#1: signal 17 (SIGCHLD) received from 32
2023/12/22 13:25:39 [notice] 1#1: worker process 32 exited with code 0
2023/12/22 13:25:39 [notice] 1#1: signal 17 (SIGCHLD) received from 29
2023/12/22 13:25:39 [notice] 1#1: worker process 29 exited with code 0
2023/12/22 13:25:39 [notice] 1#1: exit
2023/12/22 13:25:48 [notice] 1#1: using the "epoll" event method
2023/12/22 13:25:48 [notice] 1#1: nginx/1.25.3
2023/12/22 13:25:48 [notice] 1#1: built by gcc 12.2.1 20220924 (Alpine 12.2.1_git20220924-r10) 
2023/12/22 13:25:48 [notice] 1#1: OS: Linux 5.15.133.1-microsoft-standard-WSL2
2023/12/22 13:25:48 [notice] 1#1: getrlimit(RLIMIT_NOFILE): 1048576:1048576
2023/12/22 13:25:48 [notice] 1#1: start worker processes
2023/12/22 13:25:48 [notice] 1#1: start worker process 29
2023/12/22 13:25:48 [notice] 1#1: start worker process 30
2023/12/22 13:25:48 [notice] 1#1: start worker process 31
2023/12/22 13:25:48 [notice] 1#1: start worker process 32
2023/12/22 13:27:37 [error] 30#30: *1 upstream timed out (110: Operation timed out) while reading response header from upstream, client: 172.22.0.1, server: , request: "GET / HTTP/1.1", upstream: "fastcgi://172.22.0.2:9000", host: "localhost:8080"
2023/12/22 13:29:27 [notice] 1#1: signal 3 (SIGQUIT) received, shutting down
2023/12/22 13:29:27 [notice] 30#30: gracefully shutting down
2023/12/22 13:29:27 [notice] 29#29: gracefully shutting down
2023/12/22 13:29:27 [notice] 31#31: gracefully shutting down
2023/12/22 13:29:27 [notice] 32#32: gracefully shutting down
2023/12/22 13:29:27 [notice] 30#30: exiting
2023/12/22 13:29:27 [notice] 29#29: exiting
2023/12/22 13:29:27 [notice] 31#31: exiting
2023/12/22 13:29:27 [notice] 32#32: exiting
2023/12/22 13:29:27 [notice] 31#31: exit
2023/12/22 13:29:27 [notice] 30#30: exit
2023/12/22 13:29:27 [notice] 29#29: exit
2023/12/22 13:29:27 [notice] 32#32: exit
2023/12/22 13:29:27 [notice] 1#1: signal 17 (SIGCHLD) received from 29
2023/12/22 13:29:27 [notice] 1#1: worker process 29 exited with code 0
2023/12/22 13:29:27 [notice] 1#1: worker process 31 exited with code 0
2023/12/22 13:29:27 [notice] 1#1: worker process 32 exited with code 0
2023/12/22 13:29:27 [notice] 1#1: signal 29 (SIGIO) received
2023/12/22 13:29:27 [notice] 1#1: signal 17 (SIGCHLD) received from 30
2023/12/22 13:29:27 [notice] 1#1: worker process 30 exited with code 0
2023/12/22 13:29:27 [notice] 1#1: exit
2023/12/22 13:29:31 [notice] 1#1: using the "epoll" event method
2023/12/22 13:29:31 [notice] 1#1: nginx/1.25.3
2023/12/22 13:29:31 [notice] 1#1: built by gcc 12.2.1 20220924 (Alpine 12.2.1_git20220924-r10) 
2023/12/22 13:29:31 [notice] 1#1: OS: Linux 5.15.133.1-microsoft-standard-WSL2
2023/12/22 13:29:31 [notice] 1#1: getrlimit(RLIMIT_NOFILE): 1048576:1048576
2023/12/22 13:29:31 [notice] 1#1: start worker processes
2023/12/22 13:29:31 [notice] 1#1: start worker process 29
2023/12/22 13:29:31 [notice] 1#1: start worker process 30
2023/12/22 13:29:31 [notice] 1#1: start worker process 31
2023/12/22 13:29:31 [notice] 1#1: start worker process 32
2023/12/22 13:30:37 [error] 29#29: *1 upstream timed out (110: Operation timed out) while reading response header from upstream, client: 172.22.0.1, server: , request: "GET / HTTP/1.1", upstream: "fastcgi://172.22.0.2:9000", host: "localhost:8080"
2023/12/22 13:37:03 [notice] 1#1: signal 3 (SIGQUIT) received, shutting down
2023/12/22 13:37:03 [notice] 29#29: gracefully shutting down
2023/12/22 13:37:03 [notice] 32#32: gracefully shutting down
2023/12/22 13:37:03 [notice] 30#30: gracefully shutting down
2023/12/22 13:37:03 [notice] 31#31: gracefully shutting down
2023/12/22 13:37:03 [notice] 29#29: exiting
2023/12/22 13:37:03 [notice] 32#32: exiting
2023/12/22 13:37:03 [notice] 30#30: exiting
2023/12/22 13:37:03 [notice] 31#31: exiting
2023/12/22 13:37:03 [notice] 29#29: exit
2023/12/22 13:37:03 [notice] 32#32: exit
2023/12/22 13:37:03 [notice] 30#30: exit
2023/12/22 13:37:03 [notice] 31#31: exit
2023/12/22 13:37:03 [notice] 1#1: signal 17 (SIGCHLD) received from 29
2023/12/22 13:37:03 [notice] 1#1: worker process 29 exited with code 0
2023/12/22 13:37:03 [notice] 1#1: worker process 31 exited with code 0
2023/12/22 13:37:03 [notice] 1#1: signal 29 (SIGIO) received
2023/12/22 13:37:03 [notice] 1#1: signal 17 (SIGCHLD) received from 31
2023/12/22 13:37:03 [notice] 1#1: signal 17 (SIGCHLD) received from 30
2023/12/22 13:37:03 [notice] 1#1: worker process 30 exited with code 0
2023/12/22 13:37:03 [notice] 1#1: signal 29 (SIGIO) received
2023/12/22 13:37:03 [notice] 1#1: signal 17 (SIGCHLD) received from 32
2023/12/22 13:37:03 [notice] 1#1: worker process 32 exited with code 0
2023/12/22 13:37:03 [notice] 1#1: exit
2023/12/22 13:37:11 [notice] 1#1: using the "epoll" event method
2023/12/22 13:37:11 [notice] 1#1: nginx/1.25.3
2023/12/22 13:37:11 [notice] 1#1: built by gcc 12.2.1 20220924 (Alpine 12.2.1_git20220924-r10) 
2023/12/22 13:37:11 [notice] 1#1: OS: Linux 5.15.133.1-microsoft-standard-WSL2
2023/12/22 13:37:11 [notice] 1#1: getrlimit(RLIMIT_NOFILE): 1048576:1048576
2023/12/22 13:37:11 [notice] 1#1: start worker processes
2023/12/22 13:37:11 [notice] 1#1: start worker process 29
2023/12/22 13:37:11 [notice] 1#1: start worker process 30
2023/12/22 13:37:11 [notice] 1#1: start worker process 31
2023/12/22 13:37:11 [notice] 1#1: start worker process 32
2023/12/22 13:38:15 [error] 29#29: *1 upstream timed out (110: Operation timed out) while reading response header from upstream, client: 172.22.0.1, server: , request: "GET / HTTP/1.1", upstream: "fastcgi://172.22.0.2:9000", host: "localhost:8080"
2023/12/22 14:02:29 [error] 30#30: *3 upstream timed out (110: Operation timed out) while reading response header from upstream, client: 172.22.0.1, server: , request: "GET / HTTP/1.1", upstream: "fastcgi://172.22.0.2:9000", host: "localhost:8080"
2023/12/22 14:02:39 [notice] 1#1: signal 3 (SIGQUIT) received, shutting down
2023/12/22 14:02:39 [notice] 29#29: gracefully shutting down
2023/12/22 14:02:39 [notice] 31#31: gracefully shutting down
2023/12/22 14:02:39 [notice] 30#30: gracefully shutting down
2023/12/22 14:02:39 [notice] 32#32: gracefully shutting down
2023/12/22 14:02:39 [notice] 32#32: exiting
2023/12/22 14:02:39 [notice] 29#29: exiting
2023/12/22 14:02:39 [notice] 31#31: exiting
2023/12/22 14:02:39 [notice] 30#30: exiting
2023/12/22 14:02:39 [notice] 32#32: exit
2023/12/22 14:02:39 [notice] 29#29: exit
2023/12/22 14:02:39 [notice] 31#31: exit
2023/12/22 14:02:39 [notice] 30#30: exit
2023/12/22 14:02:39 [notice] 1#1: signal 17 (SIGCHLD) received from 32
2023/12/22 14:02:39 [notice] 1#1: worker process 32 exited with code 0
2023/12/22 14:02:39 [notice] 1#1: signal 29 (SIGIO) received
2023/12/22 14:02:39 [notice] 1#1: signal 17 (SIGCHLD) received from 30
2023/12/22 14:02:39 [notice] 1#1: worker process 30 exited with code 0
2023/12/22 14:02:39 [notice] 1#1: worker process 31 exited with code 0
2023/12/22 14:02:39 [notice] 1#1: signal 29 (SIGIO) received
2023/12/22 14:02:39 [notice] 1#1: signal 17 (SIGCHLD) received from 29
2023/12/22 14:02:39 [notice] 1#1: worker process 29 exited with code 0
2023/12/22 14:02:39 [notice] 1#1: exit
2023/12/22 14:04:08 [notice] 1#1: using the "epoll" event method
2023/12/22 14:04:08 [notice] 1#1: nginx/1.25.3
2023/12/22 14:04:08 [notice] 1#1: built by gcc 12.2.0 (Debian 12.2.0-14) 
2023/12/22 14:04:08 [notice] 1#1: OS: Linux 5.15.133.1-microsoft-standard-WSL2
2023/12/22 14:04:08 [notice] 1#1: getrlimit(RLIMIT_NOFILE): 1048576:1048576
2023/12/22 14:04:08 [notice] 1#1: start worker processes
2023/12/22 14:04:08 [notice] 1#1: start worker process 28
2023/12/22 14:04:08 [notice] 1#1: start worker process 29
2023/12/22 14:04:08 [notice] 1#1: start worker process 30
2023/12/22 14:04:08 [notice] 1#1: start worker process 31
2023/12/22 14:07:04 [notice] 1#1: signal 3 (SIGQUIT) received, shutting down
2023/12/22 14:07:04 [notice] 30#30: gracefully shutting down
2023/12/22 14:07:04 [notice] 28#28: gracefully shutting down
2023/12/22 14:07:04 [notice] 31#31: gracefully shutting down
2023/12/22 14:07:04 [notice] 29#29: gracefully shutting down
2023/12/22 14:07:04 [notice] 30#30: exiting
2023/12/22 14:07:04 [notice] 28#28: exiting
2023/12/22 14:07:04 [notice] 31#31: exiting
2023/12/22 14:07:04 [notice] 29#29: exiting
2023/12/22 14:07:04 [notice] 30#30: exit
2023/12/22 14:07:04 [notice] 28#28: exit
2023/12/22 14:07:04 [notice] 31#31: exit
2023/12/22 14:07:04 [notice] 29#29: exit
2023/12/22 14:07:04 [notice] 1#1: signal 17 (SIGCHLD) received from 30
2023/12/22 14:07:04 [notice] 1#1: worker process 30 exited with code 0
2023/12/22 14:07:04 [notice] 1#1: signal 29 (SIGIO) received
2023/12/22 14:07:04 [notice] 1#1: signal 17 (SIGCHLD) received from 28
2023/12/22 14:07:04 [notice] 1#1: worker process 28 exited with code 0
2023/12/22 14:07:04 [notice] 1#1: worker process 29 exited with code 0
2023/12/22 14:07:04 [notice] 1#1: signal 29 (SIGIO) received
2023/12/22 14:07:04 [notice] 1#1: signal 17 (SIGCHLD) received from 31
2023/12/22 14:07:04 [notice] 1#1: worker process 31 exited with code 0
2023/12/22 14:07:04 [notice] 1#1: exit
2023/12/22 14:07:11 [notice] 1#1: using the "epoll" event method
2023/12/22 14:07:11 [notice] 1#1: nginx/1.25.3
2023/12/22 14:07:11 [notice] 1#1: built by gcc 12.2.0 (Debian 12.2.0-14) 
2023/12/22 14:07:11 [notice] 1#1: OS: Linux 5.15.133.1-microsoft-standard-WSL2
2023/12/22 14:07:11 [notice] 1#1: getrlimit(RLIMIT_NOFILE): 1048576:1048576
2023/12/22 14:07:11 [notice] 1#1: start worker processes
2023/12/22 14:07:11 [notice] 1#1: start worker process 28
2023/12/22 14:07:11 [notice] 1#1: start worker process 29
2023/12/22 14:07:11 [notice] 1#1: start worker process 30
2023/12/22 14:07:11 [notice] 1#1: start worker process 31
2023/12/22 14:11:52 [notice] 1#1: signal 3 (SIGQUIT) received, shutting down
2023/12/22 14:11:52 [notice] 28#28: gracefully shutting down
2023/12/22 14:11:52 [notice] 28#28: exiting
2023/12/22 14:11:52 [notice] 29#29: gracefully shutting down
2023/12/22 14:11:52 [notice] 30#30: gracefully shutting down
2023/12/22 14:11:52 [notice] 31#31: gracefully shutting down
2023/12/22 14:11:52 [notice] 28#28: exit
2023/12/22 14:11:52 [notice] 29#29: exiting
2023/12/22 14:11:52 [notice] 30#30: exiting
2023/12/22 14:11:52 [notice] 31#31: exiting
2023/12/22 14:11:52 [notice] 29#29: exit
2023/12/22 14:11:52 [notice] 30#30: exit
2023/12/22 14:11:52 [notice] 31#31: exit
2023/12/22 14:11:52 [notice] 1#1: signal 17 (SIGCHLD) received from 29
2023/12/22 14:11:52 [notice] 1#1: worker process 29 exited with code 0
2023/12/22 14:11:52 [notice] 1#1: signal 29 (SIGIO) received
2023/12/22 14:11:52 [notice] 1#1: signal 17 (SIGCHLD) received from 30
2023/12/22 14:11:52 [notice] 1#1: worker process 28 exited with code 0
2023/12/22 14:11:52 [notice] 1#1: worker process 30 exited with code 0
2023/12/22 14:11:52 [notice] 1#1: worker process 31 exited with code 0
2023/12/22 14:11:52 [notice] 1#1: exit
2023/12/22 14:12:03 [notice] 1#1: using the "epoll" event method
2023/12/22 14:12:03 [notice] 1#1: nginx/1.25.3
2023/12/22 14:12:03 [notice] 1#1: built by gcc 12.2.0 (Debian 12.2.0-14) 
2023/12/22 14:12:03 [notice] 1#1: OS: Linux 5.15.133.1-microsoft-standard-WSL2
2023/12/22 14:12:03 [notice] 1#1: getrlimit(RLIMIT_NOFILE): 1048576:1048576
2023/12/22 14:12:03 [notice] 1#1: start worker processes
2023/12/22 14:12:03 [notice] 1#1: start worker process 28
2023/12/22 14:12:03 [notice] 1#1: start worker process 29
2023/12/22 14:12:03 [notice] 1#1: start worker process 30
2023/12/22 14:12:03 [notice] 1#1: start worker process 31
2023/12/22 14:16:19 [error] 29#29: *3 upstream timed out (110: Connection timed out) while reading response header from upstream, client: 172.23.0.1, server: , request: "GET / HTTP/1.1", upstream: "fastcgi://172.23.0.3:9000", host: "localhost:8080"
2023/12/22 15:34:57 [notice] 1#1: signal 3 (SIGQUIT) received, shutting down
2023/12/22 15:34:57 [notice] 28#28: gracefully shutting down
2023/12/22 15:34:57 [notice] 29#29: gracefully shutting down
2023/12/22 15:34:57 [notice] 31#31: gracefully shutting down
2023/12/22 15:34:57 [notice] 30#30: gracefully shutting down
2023/12/22 15:34:57 [notice] 28#28: exiting
2023/12/22 15:34:57 [notice] 29#29: exiting
2023/12/22 15:34:57 [notice] 31#31: exiting
2023/12/22 15:34:57 [notice] 30#30: exiting
2023/12/22 15:34:57 [notice] 28#28: exit
2023/12/22 15:34:57 [notice] 29#29: exit
2023/12/22 15:34:57 [notice] 31#31: exit
2023/12/22 15:34:57 [notice] 30#30: exit
2023/12/22 15:34:57 [notice] 1#1: signal 17 (SIGCHLD) received from 30
2023/12/22 15:34:57 [notice] 1#1: worker process 29 exited with code 0
2023/12/22 15:34:57 [notice] 1#1: worker process 30 exited with code 0
2023/12/22 15:34:57 [notice] 1#1: signal 29 (SIGIO) received
2023/12/22 15:34:57 [notice] 1#1: signal 17 (SIGCHLD) received from 28
2023/12/22 15:34:57 [notice] 1#1: worker process 28 exited with code 0
2023/12/22 15:34:57 [notice] 1#1: worker process 31 exited with code 0
2023/12/22 15:34:57 [notice] 1#1: exit
2023/12/22 15:35:19 [notice] 1#1: using the "epoll" event method
2023/12/22 15:35:19 [notice] 1#1: nginx/1.25.3
2023/12/22 15:35:19 [notice] 1#1: built by gcc 12.2.0 (Debian 12.2.0-14) 
2023/12/22 15:35:19 [notice] 1#1: OS: Linux 5.15.133.1-microsoft-standard-WSL2
2023/12/22 15:35:19 [notice] 1#1: getrlimit(RLIMIT_NOFILE): 1048576:1048576
2023/12/22 15:35:19 [notice] 1#1: start worker processes
2023/12/22 15:35:19 [notice] 1#1: start worker process 28
2023/12/22 15:35:19 [notice] 1#1: start worker process 29
2023/12/22 15:35:19 [notice] 1#1: start worker process 30
2023/12/22 15:35:19 [notice] 1#1: start worker process 31
2023/12/22 15:36:33 [error] 28#28: *1 upstream timed out (110: Connection timed out) while reading response header from upstream, client: 172.23.0.1, server: , request: "POST /auth/login HTTP/1.1", upstream: "fastcgi://172.23.0.3:9000", host: "localhost:8080", referrer: "http://localhost:8080/auth/login"
2023/12/22 23:14:56 [notice] 1#1: signal 3 (SIGQUIT) received, shutting down
2023/12/22 23:14:56 [notice] 29#29: gracefully shutting down
2023/12/22 23:14:56 [notice] 30#30: gracefully shutting down
2023/12/22 23:14:56 [notice] 28#28: gracefully shutting down
2023/12/22 23:14:56 [notice] 31#31: gracefully shutting down
2023/12/22 23:14:56 [notice] 29#29: exiting
2023/12/22 23:14:56 [notice] 29#29: exit
2023/12/22 23:14:56 [notice] 30#30: exiting
2023/12/22 23:14:56 [notice] 30#30: exit
2023/12/22 23:14:56 [notice] 28#28: exiting
2023/12/22 23:14:56 [notice] 28#28: exit
2023/12/22 23:14:56 [notice] 31#31: exiting
2023/12/22 23:14:56 [notice] 31#31: exit
2023/12/22 23:14:56 [notice] 1#1: signal 17 (SIGCHLD) received from 30
2023/12/22 23:14:56 [notice] 1#1: worker process 30 exited with code 0
2023/12/22 23:14:56 [notice] 1#1: signal 29 (SIGIO) received
2023/12/22 23:14:56 [notice] 1#1: signal 17 (SIGCHLD) received from 29
2023/12/22 23:14:56 [notice] 1#1: worker process 28 exited with code 0
2023/12/22 23:14:56 [notice] 1#1: worker process 29 exited with code 0
2023/12/22 23:14:56 [notice] 1#1: worker process 31 exited with code 0
2023/12/22 23:14:56 [notice] 1#1: exit
2023/12/30 09:34:57 [notice] 1#1: using the "epoll" event method
2023/12/30 09:34:57 [notice] 1#1: nginx/1.25.3
2023/12/30 09:34:57 [notice] 1#1: built by gcc 12.2.0 (Debian 12.2.0-14) 
2023/12/30 09:34:57 [notice] 1#1: OS: Linux 5.15.133.1-microsoft-standard-WSL2
2023/12/30 09:34:57 [notice] 1#1: getrlimit(RLIMIT_NOFILE): 1048576:1048576
2023/12/30 09:34:57 [notice] 1#1: start worker processes
2023/12/30 09:34:57 [notice] 1#1: start worker process 28
2023/12/30 09:34:57 [notice] 1#1: start worker process 29
2023/12/30 09:34:57 [notice] 1#1: start worker process 30
2023/12/30 09:34:57 [notice] 1#1: start worker process 31
2023/12/30 09:36:06 [error] 28#28: *1 upstream timed out (110: Connection timed out) while reading response header from upstream, client: 172.23.0.1, server: , request: "GET /webshop-app/public/ HTTP/1.1", upstream: "fastcgi://172.23.0.3:9000", host: "localhost:8080"
2023/12/30 10:25:11 [notice] 1#1: using the "epoll" event method
2023/12/30 10:25:11 [notice] 1#1: nginx/1.25.3
2023/12/30 10:25:11 [notice] 1#1: built by gcc 12.2.0 (Debian 12.2.0-14) 
2023/12/30 10:25:11 [notice] 1#1: OS: Linux 5.15.133.1-microsoft-standard-WSL2
2023/12/30 10:25:11 [notice] 1#1: getrlimit(RLIMIT_NOFILE): 1048576:1048576
2023/12/30 10:25:11 [notice] 1#1: start worker processes
2023/12/30 10:25:11 [notice] 1#1: start worker process 28
2023/12/30 10:25:11 [notice] 1#1: start worker process 29
2023/12/30 10:25:11 [notice] 1#1: start worker process 30
2023/12/30 10:25:11 [notice] 1#1: start worker process 31
2023/12/30 10:27:24 [notice] 1#1: signal 3 (SIGQUIT) received, shutting down
2023/12/30 10:27:24 [notice] 28#28: gracefully shutting down
2023/12/30 10:27:24 [notice] 30#30: gracefully shutting down
2023/12/30 10:27:24 [notice] 31#31: gracefully shutting down
2023/12/30 10:27:24 [notice] 30#30: exiting
2023/12/30 10:27:24 [notice] 29#29: gracefully shutting down
2023/12/30 10:27:24 [notice] 28#28: exiting
2023/12/30 10:27:24 [notice] 31#31: exiting
2023/12/30 10:27:24 [notice] 30#30: exit
2023/12/30 10:27:24 [notice] 29#29: exiting
2023/12/30 10:27:24 [notice] 31#31: exit
2023/12/30 10:27:24 [notice] 28#28: exit
2023/12/30 10:27:24 [notice] 29#29: exit
2023/12/30 10:27:24 [notice] 1#1: signal 17 (SIGCHLD) received from 29
2023/12/30 10:27:24 [notice] 1#1: worker process 29 exited with code 0
2023/12/30 10:27:24 [notice] 1#1: worker process 30 exited with code 0
2023/12/30 10:27:24 [notice] 1#1: worker process 31 exited with code 0
2023/12/30 10:27:24 [notice] 1#1: signal 29 (SIGIO) received
2023/12/30 10:27:24 [notice] 1#1: signal 17 (SIGCHLD) received from 28
2023/12/30 10:27:24 [notice] 1#1: worker process 28 exited with code 0
2023/12/30 10:27:24 [notice] 1#1: exit
2023/12/30 10:27:27 [notice] 1#1: using the "epoll" event method
2023/12/30 10:27:27 [notice] 1#1: nginx/1.25.3
2023/12/30 10:27:27 [notice] 1#1: built by gcc 12.2.0 (Debian 12.2.0-14) 
2023/12/30 10:27:27 [notice] 1#1: OS: Linux 5.15.133.1-microsoft-standard-WSL2
2023/12/30 10:27:27 [notice] 1#1: getrlimit(RLIMIT_NOFILE): 1048576:1048576
2023/12/30 10:27:27 [notice] 1#1: start worker processes
2023/12/30 10:27:27 [notice] 1#1: start worker process 28
2023/12/30 10:27:27 [notice] 1#1: start worker process 29
2023/12/30 10:27:27 [notice] 1#1: start worker process 30
2023/12/30 10:27:27 [notice] 1#1: start worker process 31
2023/12/30 10:35:11 [notice] 1#1: signal 3 (SIGQUIT) received, shutting down
2023/12/30 10:35:11 [notice] 29#29: gracefully shutting down
2023/12/30 10:35:11 [notice] 28#28: gracefully shutting down
2023/12/30 10:35:11 [notice] 30#30: gracefully shutting down
2023/12/30 10:35:11 [notice] 31#31: gracefully shutting down
2023/12/30 10:35:11 [notice] 29#29: exiting
2023/12/30 10:35:11 [notice] 31#31: exiting
2023/12/30 10:35:11 [notice] 28#28: exiting
2023/12/30 10:35:11 [notice] 30#30: exiting
2023/12/30 10:35:11 [notice] 29#29: exit
2023/12/30 10:35:11 [notice] 31#31: exit
2023/12/30 10:35:11 [notice] 28#28: exit
2023/12/30 10:35:11 [notice] 30#30: exit
2023/12/30 10:35:11 [notice] 1#1: signal 17 (SIGCHLD) received from 31
2023/12/30 10:35:11 [notice] 1#1: worker process 28 exited with code 0
2023/12/30 10:35:11 [notice] 1#1: worker process 29 exited with code 0
2023/12/30 10:35:11 [notice] 1#1: worker process 31 exited with code 0
2023/12/30 10:35:11 [notice] 1#1: signal 29 (SIGIO) received
2023/12/30 10:35:11 [notice] 1#1: signal 17 (SIGCHLD) received from 30
2023/12/30 10:35:11 [notice] 1#1: worker process 30 exited with code 0
2023/12/30 10:35:11 [notice] 1#1: exit
2024/01/02 14:35:10 [notice] 1#1: using the "epoll" event method
2024/01/02 14:35:10 [notice] 1#1: nginx/1.25.3
2024/01/02 14:35:10 [notice] 1#1: built by gcc 12.2.0 (Debian 12.2.0-14) 
2024/01/02 14:35:10 [notice] 1#1: OS: Linux 5.15.133.1-microsoft-standard-WSL2
2024/01/02 14:35:10 [notice] 1#1: getrlimit(RLIMIT_NOFILE): 1048576:1048576
2024/01/02 14:35:10 [notice] 1#1: start worker processes
2024/01/02 14:35:10 [notice] 1#1: start worker process 28
2024/01/02 14:35:10 [notice] 1#1: start worker process 29
2024/01/02 14:35:10 [notice] 1#1: start worker process 30
2024/01/02 14:35:10 [notice] 1#1: start worker process 31
2024/01/14 14:12:23 [notice] 1#1: using the "epoll" event method
2024/01/14 14:12:23 [notice] 1#1: nginx/1.25.3
2024/01/14 14:12:23 [notice] 1#1: built by gcc 12.2.0 (Debian 12.2.0-14) 
2024/01/14 14:12:23 [notice] 1#1: OS: Linux 6.1.0-17-amd64
2024/01/14 14:12:23 [notice] 1#1: getrlimit(RLIMIT_NOFILE): 1048576:1048576
2024/01/14 14:12:23 [notice] 1#1: start worker processes
2024/01/14 14:12:23 [notice] 1#1: start worker process 28
2024/01/14 14:12:23 [notice] 1#1: start worker process 29
2024/01/14 14:12:23 [notice] 1#1: start worker process 30
2024/01/14 14:12:23 [notice] 1#1: start worker process 31
2024/01/14 14:12:53 [notice] 1#1: signal 3 (SIGQUIT) received, shutting down
2024/01/14 14:12:53 [notice] 28#28: gracefully shutting down
2024/01/14 14:12:53 [notice] 29#29: gracefully shutting down
2024/01/14 14:12:53 [notice] 28#28: exiting
2024/01/14 14:12:53 [notice] 29#29: exiting
2024/01/14 14:12:53 [notice] 28#28: exit
2024/01/14 14:12:53 [notice] 29#29: exit
2024/01/14 14:12:53 [notice] 30#30: gracefully shutting down
2024/01/14 14:12:53 [notice] 30#30: exiting
2024/01/14 14:12:53 [notice] 30#30: exit
2024/01/14 14:12:53 [notice] 31#31: gracefully shutting down
2024/01/14 14:12:53 [notice] 31#31: exiting
2024/01/14 14:12:53 [notice] 31#31: exit
2024/01/14 14:12:53 [notice] 1#1: signal 17 (SIGCHLD) received from 30
2024/01/14 14:12:53 [notice] 1#1: worker process 30 exited with code 0
2024/01/14 14:12:53 [notice] 1#1: signal 29 (SIGIO) received
2024/01/14 14:12:53 [notice] 1#1: signal 17 (SIGCHLD) received from 28
2024/01/14 14:12:53 [notice] 1#1: worker process 28 exited with code 0
2024/01/14 14:12:53 [notice] 1#1: signal 29 (SIGIO) received
2024/01/14 14:12:53 [notice] 1#1: signal 17 (SIGCHLD) received from 29
2024/01/14 14:12:53 [notice] 1#1: worker process 29 exited with code 0
2024/01/14 14:12:53 [notice] 1#1: signal 29 (SIGIO) received
2024/01/14 14:12:53 [notice] 1#1: signal 17 (SIGCHLD) received from 31
2024/01/14 14:12:53 [notice] 1#1: worker process 31 exited with code 0
2024/01/14 14:12:53 [notice] 1#1: exit
2024/01/14 14:15:00 [notice] 1#1: using the "epoll" event method
2024/01/14 14:15:00 [notice] 1#1: nginx/1.25.3
2024/01/14 14:15:00 [notice] 1#1: built by gcc 12.2.0 (Debian 12.2.0-14) 
2024/01/14 14:15:00 [notice] 1#1: OS: Linux 6.1.0-17-amd64
2024/01/14 14:15:00 [notice] 1#1: getrlimit(RLIMIT_NOFILE): 1048576:1048576
2024/01/14 14:15:00 [notice] 1#1: start worker processes
2024/01/14 14:15:00 [notice] 1#1: start worker process 27
2024/01/14 14:15:00 [notice] 1#1: start worker process 28
2024/01/14 14:15:00 [notice] 1#1: start worker process 29
2024/01/14 14:15:00 [notice] 1#1: start worker process 30
2024/01/14 14:19:26 [notice] 1#1: signal 3 (SIGQUIT) received, shutting down
2024/01/14 14:19:26 [notice] 28#28: gracefully shutting down
2024/01/14 14:19:26 [notice] 27#27: gracefully shutting down
2024/01/14 14:19:26 [notice] 28#28: exiting
2024/01/14 14:19:26 [notice] 27#27: exiting
2024/01/14 14:19:26 [notice] 27#27: exit
2024/01/14 14:19:26 [notice] 28#28: exit
2024/01/14 14:19:26 [notice] 29#29: gracefully shutting down
2024/01/14 14:19:26 [notice] 29#29: exiting
2024/01/14 14:19:26 [notice] 29#29: exit
2024/01/14 14:19:26 [notice] 30#30: gracefully shutting down
2024/01/14 14:19:26 [notice] 30#30: exiting
2024/01/14 14:19:26 [notice] 30#30: exit
2024/01/14 14:19:26 [notice] 1#1: signal 17 (SIGCHLD) received from 27
2024/01/14 14:19:26 [notice] 1#1: worker process 27 exited with code 0
2024/01/14 14:19:26 [notice] 1#1: signal 29 (SIGIO) received
2024/01/14 14:19:26 [notice] 1#1: signal 17 (SIGCHLD) received from 30
2024/01/14 14:19:26 [notice] 1#1: worker process 30 exited with code 0
2024/01/14 14:19:26 [notice] 1#1: worker process 29 exited with code 0
2024/01/14 14:19:26 [notice] 1#1: signal 29 (SIGIO) received
2024/01/14 14:19:26 [notice] 1#1: signal 17 (SIGCHLD) received from 29
2024/01/14 14:19:26 [notice] 1#1: signal 17 (SIGCHLD) received from 28
2024/01/14 14:19:26 [notice] 1#1: worker process 28 exited with code 0
2024/01/14 14:19:26 [notice] 1#1: exit
2024/01/14 14:21:47 [notice] 1#1: using the "epoll" event method
2024/01/14 14:21:47 [notice] 1#1: nginx/1.25.3
2024/01/14 14:21:47 [notice] 1#1: built by gcc 12.2.0 (Debian 12.2.0-14) 
2024/01/14 14:21:47 [notice] 1#1: OS: Linux 6.1.0-17-amd64
2024/01/14 14:21:47 [notice] 1#1: getrlimit(RLIMIT_NOFILE): 1048576:1048576
2024/01/14 14:21:47 [notice] 1#1: start worker processes
2024/01/14 14:21:47 [notice] 1#1: start worker process 27
2024/01/14 14:21:47 [notice] 1#1: start worker process 28
2024/01/14 14:21:47 [notice] 1#1: start worker process 29
2024/01/14 14:21:47 [notice] 1#1: start worker process 30
2024/01/14 14:22:44 [crit] 27#27: *1 realpath() "/var/www/html/public" failed (2: No such file or directory), client: 172.23.0.1, server: , request: "GET / HTTP/1.1", host: "www.laravel-blog.lan"
2024/01/14 14:22:45 [crit] 27#27: *1 realpath() "/var/www/html/public" failed (2: No such file or directory), client: 172.23.0.1, server: , request: "GET /favicon.ico HTTP/1.1", host: "www.laravel-blog.lan", referrer: "http://www.laravel-blog.lan/"
2024/01/14 14:22:52 [crit] 27#27: *1 realpath() "/var/www/html/public" failed (2: No such file or directory), client: 172.23.0.1, server: , request: "GET /index.php HTTP/1.1", host: "www.laravel-blog.lan"
2024/01/14 14:22:52 [crit] 27#27: *1 realpath() "/var/www/html/public" failed (2: No such file or directory), client: 172.23.0.1, server: , request: "GET /favicon.ico HTTP/1.1", host: "www.laravel-blog.lan", referrer: "http://www.laravel-blog.lan/index.php"
2024/01/14 14:23:14 [crit] 28#28: *6 realpath() "/var/www/html/public" failed (2: No such file or directory), client: 172.23.0.1, server: , request: "GET /index.php HTTP/1.1", host: "www.laravel-blog.lan"
2024/01/14 14:23:14 [crit] 28#28: *6 realpath() "/var/www/html/public" failed (2: No such file or directory), client: 172.23.0.1, server: , request: "GET /index.php HTTP/1.1", host: "www.laravel-blog.lan"
2024/01/14 14:23:14 [crit] 28#28: *6 realpath() "/var/www/html/public" failed (2: No such file or directory), client: 172.23.0.1, server: , request: "GET /index.php HTTP/1.1", host: "www.laravel-blog.lan"
2024/01/14 14:23:15 [crit] 28#28: *6 realpath() "/var/www/html/public" failed (2: No such file or directory), client: 172.23.0.1, server: , request: "GET /index.php HTTP/1.1", host: "www.laravel-blog.lan"
2024/01/14 14:25:18 [notice] 1#1: signal 3 (SIGQUIT) received, shutting down
2024/01/14 14:25:18 [notice] 29#29: gracefully shutting down
2024/01/14 14:25:18 [notice] 30#30: gracefully shutting down
2024/01/14 14:25:18 [notice] 29#29: exiting
2024/01/14 14:25:18 [notice] 30#30: exiting
2024/01/14 14:25:18 [notice] 29#29: exit
2024/01/14 14:25:18 [notice] 30#30: exit
2024/01/14 14:25:18 [notice] 28#28: gracefully shutting down
2024/01/14 14:25:18 [notice] 28#28: exiting
2024/01/14 14:25:18 [notice] 28#28: exit
2024/01/14 14:25:18 [notice] 27#27: gracefully shutting down
2024/01/14 14:25:18 [notice] 27#27: exiting
2024/01/14 14:25:18 [notice] 27#27: exit
2024/01/14 14:25:18 [notice] 1#1: signal 17 (SIGCHLD) received from 30
2024/01/14 14:25:18 [notice] 1#1: worker process 30 exited with code 0
2024/01/14 14:25:18 [notice] 1#1: signal 29 (SIGIO) received
2024/01/14 14:25:18 [notice] 1#1: signal 17 (SIGCHLD) received from 27
2024/01/14 14:25:18 [notice] 1#1: worker process 27 exited with code 0
2024/01/14 14:25:18 [notice] 1#1: signal 29 (SIGIO) received
2024/01/14 14:25:18 [notice] 1#1: signal 17 (SIGCHLD) received from 29
2024/01/14 14:25:18 [notice] 1#1: worker process 29 exited with code 0
2024/01/14 14:25:18 [notice] 1#1: signal 17 (SIGCHLD) received from 28
2024/01/14 14:25:18 [notice] 1#1: worker process 28 exited with code 0
2024/01/14 14:25:18 [notice] 1#1: exit
2024/01/14 14:25:34 [notice] 1#1: using the "epoll" event method
2024/01/14 14:25:34 [notice] 1#1: nginx/1.25.3
2024/01/14 14:25:34 [notice] 1#1: built by gcc 12.2.0 (Debian 12.2.0-14) 
2024/01/14 14:25:34 [notice] 1#1: OS: Linux 6.1.0-17-amd64
2024/01/14 14:25:34 [notice] 1#1: getrlimit(RLIMIT_NOFILE): 1048576:1048576
2024/01/14 14:25:34 [notice] 1#1: start worker processes
2024/01/14 14:25:34 [notice] 1#1: start worker process 28
2024/01/14 14:25:34 [notice] 1#1: start worker process 29
2024/01/14 14:25:34 [notice] 1#1: start worker process 30
2024/01/14 14:25:34 [notice] 1#1: start worker process 31
2024/01/14 14:25:38 [crit] 29#29: *1 realpath() "/var/www/html/public" failed (2: No such file or directory), client: 172.24.0.1, server: , request: "GET /index.php HTTP/1.1", host: "www.laravel-blog.lan"
2024/01/14 15:14:08 [warn] 31#31: *5 an upstream response is buffered to a temporary file /var/cache/nginx/fastcgi_temp/1/00/0000000001 while reading upstream, client: 172.24.0.1, server: , request: "GET / HTTP/1.1", upstream: "fastcgi://172.24.0.4:9000", host: "www.laravel-blog.lan"
2024/01/14 15:30:35 [notice] 1#1: signal 3 (SIGQUIT) received, shutting down
2024/01/14 15:30:35 [notice] 28#28: gracefully shutting down
2024/01/14 15:30:35 [notice] 28#28: exiting
2024/01/14 15:30:35 [notice] 29#29: gracefully shutting down
2024/01/14 15:30:35 [notice] 30#30: gracefully shutting down
2024/01/14 15:30:35 [notice] 28#28: exit
2024/01/14 15:30:35 [notice] 29#29: exiting
2024/01/14 15:30:35 [notice] 30#30: exiting
2024/01/14 15:30:35 [notice] 29#29: exit
2024/01/14 15:30:35 [notice] 30#30: exit
2024/01/14 15:30:35 [notice] 31#31: gracefully shutting down
2024/01/14 15:30:35 [notice] 31#31: exiting
2024/01/14 15:30:35 [notice] 31#31: exit
2024/01/14 15:30:35 [notice] 1#1: signal 17 (SIGCHLD) received from 30
2024/01/14 15:30:35 [notice] 1#1: worker process 29 exited with code 0
2024/01/14 15:30:35 [notice] 1#1: worker process 30 exited with code 0
2024/01/14 15:30:35 [notice] 1#1: signal 29 (SIGIO) received
2024/01/14 15:30:35 [notice] 1#1: signal 17 (SIGCHLD) received from 31
2024/01/14 15:30:35 [notice] 1#1: worker process 31 exited with code 0
2024/01/14 15:30:35 [notice] 1#1: signal 29 (SIGIO) received
2024/01/14 15:30:35 [notice] 1#1: signal 17 (SIGCHLD) received from 28
2024/01/14 15:30:35 [notice] 1#1: worker process 28 exited with code 0
2024/01/14 15:30:35 [notice] 1#1: exit
2024/01/14 15:30:59 [notice] 1#1: using the "epoll" event method
2024/01/14 15:30:59 [notice] 1#1: nginx/1.25.3
2024/01/14 15:30:59 [notice] 1#1: built by gcc 12.2.0 (Debian 12.2.0-14) 
2024/01/14 15:30:59 [notice] 1#1: OS: Linux 6.1.0-17-amd64
2024/01/14 15:30:59 [notice] 1#1: getrlimit(RLIMIT_NOFILE): 1048576:1048576
2024/01/14 15:30:59 [notice] 1#1: start worker processes
2024/01/14 15:30:59 [notice] 1#1: start worker process 28
2024/01/14 15:30:59 [notice] 1#1: start worker process 29
2024/01/14 15:30:59 [notice] 1#1: start worker process 30
2024/01/14 15:30:59 [notice] 1#1: start worker process 31
2024/01/14 15:36:52 [notice] 1#1: signal 3 (SIGQUIT) received, shutting down
2024/01/14 15:36:52 [notice] 28#28: gracefully shutting down
2024/01/14 15:36:52 [notice] 28#28: exiting
2024/01/14 15:36:52 [notice] 28#28: exit
2024/01/14 15:36:52 [notice] 29#29: gracefully shutting down
2024/01/14 15:36:52 [notice] 29#29: exiting
2024/01/14 15:36:52 [notice] 29#29: exit
2024/01/14 15:36:52 [notice] 30#30: gracefully shutting down
2024/01/14 15:36:52 [notice] 30#30: exiting
2024/01/14 15:36:52 [notice] 30#30: exit
2024/01/14 15:36:52 [notice] 31#31: gracefully shutting down
2024/01/14 15:36:52 [notice] 31#31: exiting
2024/01/14 15:36:52 [notice] 31#31: exit
2024/01/14 15:36:52 [notice] 1#1: signal 17 (SIGCHLD) received from 30
2024/01/14 15:36:52 [notice] 1#1: worker process 30 exited with code 0
2024/01/14 15:36:52 [notice] 1#1: worker process 28 exited with code 0
2024/01/14 15:36:52 [notice] 1#1: worker process 29 exited with code 0
2024/01/14 15:36:52 [notice] 1#1: worker process 31 exited with code 0
2024/01/14 15:36:52 [notice] 1#1: exit
2024/01/14 15:37:33 [notice] 1#1: using the "epoll" event method
2024/01/14 15:37:33 [notice] 1#1: nginx/1.25.3
2024/01/14 15:37:33 [notice] 1#1: built by gcc 12.2.0 (Debian 12.2.0-14) 
2024/01/14 15:37:33 [notice] 1#1: OS: Linux 6.1.0-17-amd64
2024/01/14 15:37:33 [notice] 1#1: getrlimit(RLIMIT_NOFILE): 1048576:1048576
2024/01/14 15:37:33 [notice] 1#1: start worker processes
2024/01/14 15:37:33 [notice] 1#1: start worker process 28
2024/01/14 15:37:33 [notice] 1#1: start worker process 29
2024/01/14 15:37:33 [notice] 1#1: start worker process 30
2024/01/14 15:37:33 [notice] 1#1: start worker process 31
2024/01/14 15:53:27 [notice] 1#1: signal 3 (SIGQUIT) received, shutting down
2024/01/14 15:53:27 [notice] 29#29: gracefully shutting down
2024/01/14 15:53:27 [notice] 31#31: gracefully shutting down
2024/01/14 15:53:27 [notice] 29#29: exiting
2024/01/14 15:53:27 [notice] 31#31: exiting
2024/01/14 15:53:27 [notice] 29#29: exit
2024/01/14 15:53:27 [notice] 31#31: exit
2024/01/14 15:53:27 [notice] 28#28: gracefully shutting down
2024/01/14 15:53:27 [notice] 28#28: exiting
2024/01/14 15:53:27 [notice] 28#28: exit
2024/01/14 15:53:27 [notice] 30#30: gracefully shutting down
2024/01/14 15:53:27 [notice] 30#30: exiting
2024/01/14 15:53:27 [notice] 30#30: exit
2024/01/14 15:53:27 [notice] 1#1: signal 17 (SIGCHLD) received from 31
2024/01/14 15:53:27 [notice] 1#1: worker process 31 exited with code 0
2024/01/14 15:53:27 [notice] 1#1: signal 29 (SIGIO) received
2024/01/14 15:53:27 [notice] 1#1: signal 17 (SIGCHLD) received from 28
2024/01/14 15:53:27 [notice] 1#1: worker process 28 exited with code 0
2024/01/14 15:53:27 [notice] 1#1: worker process 29 exited with code 0
2024/01/14 15:53:27 [notice] 1#1: worker process 30 exited with code 0
2024/01/14 15:53:27 [notice] 1#1: exit
2024/01/14 16:04:01 [notice] 1#1: using the "epoll" event method
2024/01/14 16:04:01 [notice] 1#1: nginx/1.25.3
2024/01/14 16:04:01 [notice] 1#1: built by gcc 12.2.0 (Debian 12.2.0-14) 
2024/01/14 16:04:01 [notice] 1#1: OS: Linux 6.1.0-17-amd64
2024/01/14 16:04:01 [notice] 1#1: getrlimit(RLIMIT_NOFILE): 1048576:1048576
2024/01/14 16:04:01 [notice] 1#1: start worker processes
2024/01/14 16:04:01 [notice] 1#1: start worker process 28
2024/01/14 16:04:01 [notice] 1#1: start worker process 29
2024/01/14 16:04:01 [notice] 1#1: start worker process 30
2024/01/14 16:04:01 [notice] 1#1: start worker process 31
2024/01/18 15:33:16 [notice] 1#1: using the "epoll" event method
2024/01/18 15:33:16 [notice] 1#1: nginx/1.25.3
2024/01/18 15:33:16 [notice] 1#1: built by gcc 12.2.0 (Debian 12.2.0-14) 
2024/01/18 15:33:16 [notice] 1#1: OS: Linux 6.1.0-17-amd64
2024/01/18 15:33:16 [notice] 1#1: getrlimit(RLIMIT_NOFILE): 1048576:1048576
2024/01/18 15:33:16 [notice] 1#1: start worker processes
2024/01/18 15:33:16 [notice] 1#1: start worker process 28
2024/01/18 15:33:16 [notice] 1#1: start worker process 29
2024/01/18 15:33:16 [notice] 1#1: start worker process 30
2024/01/18 15:33:16 [notice] 1#1: start worker process 31
